#! /c/Source/iverilog-install/bin/vvp
:ivl_version "12.0 (devel)" "(s20150603-1539-g2693dd32b)";
:ivl_delay_selection "TYPICAL";
:vpi_time_precision - 12;
:vpi_module "C:\iverilog\lib\ivl\system.vpi";
:vpi_module "C:\iverilog\lib\ivl\vhdl_sys.vpi";
:vpi_module "C:\iverilog\lib\ivl\vhdl_textio.vpi";
:vpi_module "C:\iverilog\lib\ivl\v2005_math.vpi";
:vpi_module "C:\iverilog\lib\ivl\va_math.vpi";
S_000002b8e98968a0 .scope module, "luhn_datapath" "luhn_datapath" 2 12;
 .timescale -9 -12;
    .port_info 0 /INPUT 1 "clk";
    .port_info 1 /INPUT 1 "rst";
    .port_info 2 /INPUT 4 "serial_in";
    .port_info 3 /INPUT 1 "load_digit";
    .port_info 4 /INPUT 1 "mult_sel";
    .port_info 5 /INPUT 1 "load_sum";
    .port_info 6 /INPUT 1 "output_enable";
    .port_info 7 /INPUT 1 "count_enable";
    .port_info 8 /INPUT 1 "sum_enable";
    .port_info 9 /OUTPUT 1 "validate";
    .port_info 10 /OUTPUT 1 "odd";
    .port_info 11 /OUTPUT 1 "go";
    .port_info 12 /OUTPUT 1 "stop";
v000002b8e989bb60 .array "card_number", 0 15, 3 0;
o000002b8e9734fb8 .functor BUFZ 1, C4<z>; HiZ drive
v000002b8e9896e10_0 .net "clk", 0 0, o000002b8e9734fb8;  0 drivers
v000002b8e9897030_0 .var "comp_out", 4 0;
v000002b8e989beb0_0 .var "comp_value_one", 4 0;
v000002b8e9896a30_0 .var "comp_value_zero", 4 0;
v000002b8e9896ad0_0 .var "count", 4 0;
o000002b8e97350a8 .functor BUFZ 1, C4<z>; HiZ drive
v000002b8e9896b70_0 .net "count_enable", 0 0, o000002b8e97350a8;  0 drivers
v000002b8e9781c60_0 .var "go", 0 0;
v000002b8e9781d00_0 .var/i "j", 31 0;
v000002b8e9781da0_0 .var/i "k", 31 0;
o000002b8e9735168 .functor BUFZ 1, C4<z>; HiZ drive
v000002b8e9781e40_0 .net "load_digit", 0 0, o000002b8e9735168;  0 drivers
o000002b8e9735198 .functor BUFZ 1, C4<z>; HiZ drive
v000002b8e97827f0_0 .net "load_sum", 0 0, o000002b8e9735198;  0 drivers
v000002b8e9782430_0 .var "mult_out", 4 0;
o000002b8e97351f8 .functor BUFZ 1, C4<z>; HiZ drive
v000002b8e9781fd0_0 .net "mult_sel", 0 0, o000002b8e97351f8;  0 drivers
v000002b8e9782e30_0 .var "mult_value_out", 4 0;
v000002b8e9782110_0 .var "odd", 0 0;
o000002b8e9735288 .functor BUFZ 1, C4<z>; HiZ drive
v000002b8e9782890_0 .net "output_enable", 0 0, o000002b8e9735288;  0 drivers
o000002b8e97352b8 .functor BUFZ 1, C4<z>; HiZ drive
v000002b8e97826b0_0 .net "rst", 0 0, o000002b8e97352b8;  0 drivers
o000002b8e97352e8 .functor BUFZ 4, C4<zzzz>; HiZ drive
v000002b8e9782a70_0 .net "serial_in", 3 0, o000002b8e97352e8;  0 drivers
v000002b8e9782930_0 .var "stop", 0 0;
v000002b8e9782d90_0 .var "sum", 10 0;
o000002b8e9735378 .functor BUFZ 1, C4<z>; HiZ drive
v000002b8e97821b0_0 .net "sum_enable", 0 0, o000002b8e9735378;  0 drivers
v000002b8e9782390_0 .var "validate", 0 0;
v000002b8e97824d0_0 .var "value_out", 3 0;
E_000002b8e97165b0 .event posedge, v000002b8e9896e10_0;
E_000002b8e97158b0 .event anyedge, v000002b8e9896ad0_0;
E_000002b8e9715fb0/0 .event anyedge, v000002b8e97824d0_0, v000002b8e9782430_0, v000002b8e97821b0_0, v000002b8e9782d90_0;
E_000002b8e9715fb0/1 .event anyedge, v000002b8e9897030_0, v000002b8e9781da0_0;
E_000002b8e9715fb0 .event/or E_000002b8e9715fb0/0, E_000002b8e9715fb0/1;
E_000002b8e97158f0 .event posedge, v000002b8e9896e10_0, v000002b8e97826b0_0;
E_000002b8e9716430 .event posedge, v000002b8e97826b0_0;
    .scope S_000002b8e98968a0;
T_0 ;
    %wait E_000002b8e9716430;
    %pushi/vec4 0, 0, 32;
    %store/vec4 v000002b8e9781d00_0, 0, 32;
T_0.0 ;
    %load/vec4 v000002b8e9781d00_0;
    %cmpi/s 16, 0, 32;
    %jmp/0xz T_0.1, 5;
    %pushi/vec4 0, 0, 4;
    %ix/getv/s 4, v000002b8e9781d00_0;
    %store/vec4a v000002b8e989bb60, 4, 0;
    %load/vec4 v000002b8e9781d00_0;
    %addi 1, 0, 32;
    %store/vec4 v000002b8e9781d00_0, 0, 32;
    %jmp T_0.0;
T_0.1 ;
    %pushi/vec4 0, 0, 32;
    %store/vec4 v000002b8e9781d00_0, 0, 32;
    %pushi/vec4 0, 0, 11;
    %store/vec4 v000002b8e9782d90_0, 0, 11;
    %jmp T_0;
    .thread T_0;
    .scope S_000002b8e98968a0;
T_1 ;
    %wait E_000002b8e97165b0;
    %load/vec4 v000002b8e9782a70_0;
    %cmpi/ne 15, 15, 4;
    %flag_get/vec4 6;
    %jmp/0 T_1.3, 6;
    %load/vec4 v000002b8e9782a70_0;
    %pushi/vec4 0, 15, 4;
    %cmp/ne;
    %flag_get/vec4 6;
    %and;
T_1.3;
    %flag_set/vec4 9;
    %flag_get/vec4 9;
    %jmp/0 T_1.2, 9;
    %load/vec4 v000002b8e9781d00_0;
    %cmpi/s 15, 0, 32;
    %flag_get/vec4 4;
    %flag_get/vec4 5;
    %or;
    %and;
T_1.2;
    %flag_set/vec4 8;
    %jmp/0xz  T_1.0, 8;
    %load/vec4 v000002b8e9782a70_0;
    %ix/getv/s 3, v000002b8e9781d00_0;
    %ix/load 4, 0, 0; Constant delay
    %assign/vec4/a/d v000002b8e989bb60, 0, 4;
    %load/vec4 v000002b8e9781d00_0;
    %addi 1, 0, 32;
    %assign/vec4 v000002b8e9781d00_0, 0;
T_1.0 ;
    %load/vec4 v000002b8e9781d00_0;
    %pushi/vec4 16, 0, 32;
    %cmp/e;
    %flag_get/vec4 4;
    %load/vec4 v000002b8e9782930_0;
    %pushi/vec4 0, 0, 1;
    %cmp/e;
    %flag_get/vec4 4;
    %and;
    %flag_set/vec4 8;
    %jmp/0xz  T_1.4, 8;
    %pushi/vec4 1, 0, 1;
    %assign/vec4 v000002b8e9781c60_0, 0;
    %jmp T_1.5;
T_1.4 ;
    %pushi/vec4 0, 0, 1;
    %assign/vec4 v000002b8e9781c60_0, 0;
T_1.5 ;
    %jmp T_1;
    .thread T_1;
    .scope S_000002b8e98968a0;
T_2 ;
    %wait E_000002b8e97158f0;
    %load/vec4 v000002b8e97826b0_0;
    %cmpi/e 1, 0, 1;
    %jmp/0xz  T_2.0, 4;
    %pushi/vec4 0, 0, 5;
    %assign/vec4 v000002b8e9896ad0_0, 0;
    %pushi/vec4 0, 0, 32;
    %assign/vec4 v000002b8e9781da0_0, 0;
    %pushi/vec4 0, 0, 1;
    %assign/vec4 v000002b8e9782930_0, 0;
    %jmp T_2.1;
T_2.0 ;
    %load/vec4 v000002b8e9781e40_0;
    %cmpi/e 1, 0, 1;
    %jmp/0xz  T_2.2, 4;
    %ix/getv/s 4, v000002b8e9781da0_0;
    %load/vec4a v000002b8e989bb60, 4;
    %assign/vec4 v000002b8e97824d0_0, 0;
    %jmp T_2.3;
T_2.2 ;
    %load/vec4 v000002b8e9781fd0_0;
    %cmpi/e 1, 0, 1;
    %jmp/0xz  T_2.4, 4;
    %load/vec4 v000002b8e9782e30_0;
    %assign/vec4 v000002b8e9782430_0, 0;
    %jmp T_2.5;
T_2.4 ;
    %load/vec4 v000002b8e9781fd0_0;
    %cmpi/e 0, 0, 1;
    %jmp/0xz  T_2.6, 4;
    %load/vec4 v000002b8e97824d0_0;
    %pad/u 5;
    %assign/vec4 v000002b8e9782430_0, 0;
    %jmp T_2.7;
T_2.6 ;
    %load/vec4 v000002b8e9782430_0;
    %pad/u 32;
    %cmpi/u 9, 0, 32;
    %flag_or 5, 4; GT is !LE
    %flag_inv 5;
    %jmp/0xz  T_2.8, 5;
    %load/vec4 v000002b8e989beb0_0;
    %assign/vec4 v000002b8e9897030_0, 0;
    %jmp T_2.9;
T_2.8 ;
    %load/vec4 v000002b8e9896a30_0;
    %assign/vec4 v000002b8e9897030_0, 0;
T_2.9 ;
T_2.7 ;
T_2.5 ;
T_2.3 ;
T_2.1 ;
    %jmp T_2;
    .thread T_2;
    .scope S_000002b8e98968a0;
T_3 ;
    %wait E_000002b8e9715fb0;
    %load/vec4 v000002b8e97824d0_0;
    %pad/u 5;
    %muli 2, 0, 5;
    %store/vec4 v000002b8e9782e30_0, 0, 5;
    %load/vec4 v000002b8e9782430_0;
    %subi 9, 0, 5;
    %store/vec4 v000002b8e989beb0_0, 0, 5;
    %load/vec4 v000002b8e9782430_0;
    %store/vec4 v000002b8e9896a30_0, 0, 5;
    %load/vec4 v000002b8e97821b0_0;
    %cmpi/e 1, 0, 1;
    %jmp/0xz  T_3.0, 4;
    %load/vec4 v000002b8e9782d90_0;
    %load/vec4 v000002b8e9897030_0;
    %pad/u 11;
    %add;
    %store/vec4 v000002b8e9782d90_0, 0, 11;
    %load/vec4 v000002b8e9781da0_0;
    %addi 1, 0, 32;
    %store/vec4 v000002b8e9781da0_0, 0, 32;
T_3.0 ;
    %jmp T_3;
    .thread T_3, $push;
    .scope S_000002b8e98968a0;
T_4 ;
    %wait E_000002b8e97165b0;
    %load/vec4 v000002b8e9896b70_0;
    %pushi/vec4 1, 0, 1;
    %cmp/e;
    %flag_get/vec4 4;
    %load/vec4 v000002b8e97826b0_0;
    %pushi/vec4 0, 0, 1;
    %cmp/e;
    %flag_get/vec4 4;
    %and;
    %flag_set/vec4 8;
    %jmp/0xz  T_4.0, 8;
    %load/vec4 v000002b8e9896ad0_0;
    %addi 1, 0, 5;
    %assign/vec4 v000002b8e9896ad0_0, 0;
T_4.0 ;
    %load/vec4 v000002b8e9896ad0_0;
    %parti/s 1, 0, 2;
    %cmpi/e 1, 0, 1;
    %jmp/0xz  T_4.2, 4;
    %pushi/vec4 1, 0, 1;
    %assign/vec4 v000002b8e9782110_0, 0;
    %jmp T_4.3;
T_4.2 ;
    %pushi/vec4 0, 0, 1;
    %assign/vec4 v000002b8e9782110_0, 0;
T_4.3 ;
    %jmp T_4;
    .thread T_4;
    .scope S_000002b8e98968a0;
T_5 ;
    %wait E_000002b8e97158b0;
    %load/vec4 v000002b8e9896ad0_0;
    %cmpi/e 16, 0, 5;
    %jmp/0xz  T_5.0, 4;
    %pushi/vec4 1, 0, 1;
    %store/vec4 v000002b8e9782930_0, 0, 1;
    %jmp T_5.1;
T_5.0 ;
    %pushi/vec4 0, 0, 1;
    %store/vec4 v000002b8e9782930_0, 0, 1;
T_5.1 ;
    %jmp T_5;
    .thread T_5, $push;
    .scope S_000002b8e98968a0;
T_6 ;
    %wait E_000002b8e97165b0;
    %load/vec4 v000002b8e9782d90_0;
    %pad/u 32;
    %pushi/vec4 10, 0, 32;
    %mod;
    %pushi/vec4 0, 0, 32;
    %cmp/e;
    %flag_get/vec4 4;
    %load/vec4 v000002b8e9782930_0;
    %pushi/vec4 1, 0, 1;
    %cmp/e;
    %flag_get/vec4 4;
    %and;
    %flag_set/vec4 8;
    %jmp/0xz  T_6.0, 8;
    %pushi/vec4 1, 0, 1;
    %assign/vec4 v000002b8e9782390_0, 0;
    %jmp T_6.1;
T_6.0 ;
    %pushi/vec4 0, 0, 1;
    %assign/vec4 v000002b8e9782390_0, 0;
T_6.1 ;
    %jmp T_6;
    .thread T_6;
# The file index is used to find the file name in the following table.
:file_names 3;
    "N/A";
    "<interactive>";
    "luhn_datapath.v";
