#! /c/Source/iverilog-install/bin/vvp
:ivl_version "12.0 (devel)" "(s20150603-1539-g2693dd32b)";
:ivl_delay_selection "TYPICAL";
:vpi_time_precision - 12;
:vpi_module "C:\iverilog\lib\ivl\system.vpi";
:vpi_module "C:\iverilog\lib\ivl\vhdl_sys.vpi";
:vpi_module "C:\iverilog\lib\ivl\vhdl_textio.vpi";
:vpi_module "C:\iverilog\lib\ivl\v2005_math.vpi";
:vpi_module "C:\iverilog\lib\ivl\va_math.vpi";
S_0000021ae7ab68a0 .scope module, "luhn_controller" "luhn_controller" 2 12;
 .timescale -9 -12;
    .port_info 0 /INPUT 1 "clk";
    .port_info 1 /INPUT 1 "rst";
    .port_info 2 /INPUT 1 "go";
    .port_info 3 /INPUT 1 "odd";
    .port_info 4 /INPUT 1 "stop";
    .port_info 5 /OUTPUT 1 "load_digit";
    .port_info 6 /OUTPUT 1 "mult_sel";
    .port_info 7 /OUTPUT 1 "load_sum";
    .port_info 8 /OUTPUT 1 "output_enable";
    .port_info 9 /OUTPUT 1 "count_enable";
    .port_info 10 /OUTPUT 1 "sum_enable";
P_0000021ae7af6890 .param/l "s0" 0 2 27, C4<0000>;
P_0000021ae7af68c8 .param/l "s1" 0 2 28, C4<0001>;
P_0000021ae7af6900 .param/l "s10" 0 2 37, C4<1010>;
P_0000021ae7af6938 .param/l "s2" 0 2 29, C4<0010>;
P_0000021ae7af6970 .param/l "s3" 0 2 30, C4<0011>;
P_0000021ae7af69a8 .param/l "s4" 0 2 31, C4<0100>;
P_0000021ae7af69e0 .param/l "s5" 0 2 32, C4<0101>;
P_0000021ae7af6a18 .param/l "s6" 0 2 33, C4<0110>;
P_0000021ae7af6a50 .param/l "s7" 0 2 34, C4<0111>;
P_0000021ae7af6a88 .param/l "s8" 0 2 35, C4<1000>;
P_0000021ae7af6ac0 .param/l "s9" 0 2 36, C4<1001>;
o0000021ae7b11fd8 .functor BUFZ 1, C4<z>; HiZ drive
v0000021ae7ab7030_0 .net "clk", 0 0, o0000021ae7b11fd8;  0 drivers
v0000021ae7ab6af0_0 .var "count_enable", 0 0;
o0000021ae7b12038 .functor BUFZ 1, C4<z>; HiZ drive
v0000021ae7ab6b90_0 .net "go", 0 0, o0000021ae7b12038;  0 drivers
v0000021ae7b033c0_0 .var "load_digit", 0 0;
v0000021ae7b03460_0 .var "load_sum", 0 0;
v0000021ae7b03500_0 .var "mult_sel", 0 0;
v0000021ae7b035a0_0 .var "next_state", 3 0;
o0000021ae7b12128 .functor BUFZ 1, C4<z>; HiZ drive
v0000021ae7b03640_0 .net "odd", 0 0, o0000021ae7b12128;  0 drivers
v0000021ae7b036e0_0 .var "output_enable", 0 0;
v0000021ae7b03780_0 .var "present_state", 3 0;
o0000021ae7b121b8 .functor BUFZ 1, C4<z>; HiZ drive
v0000021ae7b03820_0 .net "rst", 0 0, o0000021ae7b121b8;  0 drivers
o0000021ae7b121e8 .functor BUFZ 1, C4<z>; HiZ drive
v0000021ae7b038c0_0 .net "stop", 0 0, o0000021ae7b121e8;  0 drivers
v0000021ae7b03960_0 .var "sum_enable", 0 0;
E_0000021ae7aba350 .event anyedge, v0000021ae7ab6b90_0, v0000021ae7b03780_0;
E_0000021ae7abac90 .event posedge, v0000021ae7b03820_0, v0000021ae7ab7030_0;
    .scope S_0000021ae7ab68a0;
T_0 ;
    %wait E_0000021ae7abac90;
    %load/vec4 v0000021ae7b03820_0;
    %flag_set/vec4 8;
    %jmp/0xz  T_0.0, 8;
    %pushi/vec4 0, 0, 1;
    %assign/vec4 v0000021ae7b033c0_0, 0;
    %pushi/vec4 0, 0, 1;
    %assign/vec4 v0000021ae7b03500_0, 0;
    %pushi/vec4 0, 0, 1;
    %assign/vec4 v0000021ae7b03460_0, 0;
    %pushi/vec4 0, 0, 1;
    %assign/vec4 v0000021ae7b036e0_0, 0;
    %pushi/vec4 0, 0, 1;
    %assign/vec4 v0000021ae7ab6af0_0, 0;
    %pushi/vec4 0, 0, 1;
    %assign/vec4 v0000021ae7b03960_0, 0;
    %jmp T_0.1;
T_0.0 ;
    %load/vec4 v0000021ae7b035a0_0;
    %assign/vec4 v0000021ae7b03780_0, 0;
T_0.1 ;
    %jmp T_0;
    .thread T_0;
    .scope S_0000021ae7ab68a0;
T_1 ;
    %wait E_0000021ae7aba350;
    %load/vec4 v0000021ae7ab6b90_0;
    %pushi/vec4 1, 0, 1;
    %cmp/e;
    %flag_get/vec4 4;
    %load/vec4 v0000021ae7b03780_0;
    %pushi/vec4 0, 0, 4;
    %cmp/e;
    %flag_get/vec4 4;
    %and;
    %flag_set/vec4 8;
    %jmp/0xz  T_1.0, 8;
    %pushi/vec4 1, 0, 4;
    %store/vec4 v0000021ae7b035a0_0, 0, 4;
    %pushi/vec4 0, 0, 1;
    %store/vec4 v0000021ae7b033c0_0, 0, 1;
    %pushi/vec4 0, 0, 1;
    %store/vec4 v0000021ae7b03500_0, 0, 1;
    %pushi/vec4 0, 0, 1;
    %store/vec4 v0000021ae7b03460_0, 0, 1;
    %pushi/vec4 0, 0, 1;
    %store/vec4 v0000021ae7b036e0_0, 0, 1;
    %pushi/vec4 0, 0, 1;
    %store/vec4 v0000021ae7ab6af0_0, 0, 1;
    %pushi/vec4 0, 0, 1;
    %store/vec4 v0000021ae7b03960_0, 0, 1;
    %jmp T_1.1;
T_1.0 ;
    %load/vec4 v0000021ae7b03780_0;
    %dup/vec4;
    %pushi/vec4 1, 0, 4;
    %cmp/u;
    %jmp/1 T_1.2, 6;
    %dup/vec4;
    %pushi/vec4 2, 0, 4;
    %cmp/u;
    %jmp/1 T_1.3, 6;
    %dup/vec4;
    %pushi/vec4 3, 0, 4;
    %cmp/u;
    %jmp/1 T_1.4, 6;
    %dup/vec4;
    %pushi/vec4 4, 0, 4;
    %cmp/u;
    %jmp/1 T_1.5, 6;
    %dup/vec4;
    %pushi/vec4 5, 0, 4;
    %cmp/u;
    %jmp/1 T_1.6, 6;
    %dup/vec4;
    %pushi/vec4 6, 0, 4;
    %cmp/u;
    %jmp/1 T_1.7, 6;
    %dup/vec4;
    %pushi/vec4 7, 0, 4;
    %cmp/u;
    %jmp/1 T_1.8, 6;
    %dup/vec4;
    %pushi/vec4 8, 0, 4;
    %cmp/u;
    %jmp/1 T_1.9, 6;
    %dup/vec4;
    %pushi/vec4 9, 0, 4;
    %cmp/u;
    %jmp/1 T_1.10, 6;
    %pushi/vec4 0, 0, 4;
    %store/vec4 v0000021ae7b035a0_0, 0, 4;
    %jmp T_1.12;
T_1.2 ;
    %pushi/vec4 1, 0, 1;
    %store/vec4 v0000021ae7b033c0_0, 0, 1;
    %pushi/vec4 0, 0, 1;
    %store/vec4 v0000021ae7b03500_0, 0, 1;
    %pushi/vec4 0, 0, 1;
    %store/vec4 v0000021ae7b03460_0, 0, 1;
    %pushi/vec4 0, 0, 1;
    %store/vec4 v0000021ae7b036e0_0, 0, 1;
    %pushi/vec4 0, 0, 1;
    %store/vec4 v0000021ae7ab6af0_0, 0, 1;
    %pushi/vec4 2, 0, 4;
    %store/vec4 v0000021ae7b035a0_0, 0, 4;
    %jmp T_1.12;
T_1.3 ;
    %pushi/vec4 3, 0, 4;
    %store/vec4 v0000021ae7b035a0_0, 0, 4;
    %jmp T_1.12;
T_1.4 ;
    %load/vec4 v0000021ae7b03640_0;
    %cmpi/e 0, 0, 1;
    %jmp/0xz  T_1.13, 4;
    %pushi/vec4 4, 0, 4;
    %store/vec4 v0000021ae7b035a0_0, 0, 4;
    %jmp T_1.14;
T_1.13 ;
    %pushi/vec4 5, 0, 4;
    %store/vec4 v0000021ae7b035a0_0, 0, 4;
T_1.14 ;
    %jmp T_1.12;
T_1.5 ;
    %pushi/vec4 0, 0, 1;
    %store/vec4 v0000021ae7b033c0_0, 0, 1;
    %pushi/vec4 0, 0, 1;
    %store/vec4 v0000021ae7b036e0_0, 0, 1;
    %pushi/vec4 1, 0, 1;
    %store/vec4 v0000021ae7b03500_0, 0, 1;
    %pushi/vec4 1, 0, 1;
    %store/vec4 v0000021ae7ab6af0_0, 0, 1;
    %pushi/vec4 6, 0, 4;
    %store/vec4 v0000021ae7b035a0_0, 0, 4;
    %jmp T_1.12;
T_1.6 ;
    %pushi/vec4 0, 0, 1;
    %store/vec4 v0000021ae7b033c0_0, 0, 1;
    %pushi/vec4 0, 0, 1;
    %store/vec4 v0000021ae7b036e0_0, 0, 1;
    %pushi/vec4 0, 0, 1;
    %store/vec4 v0000021ae7b03500_0, 0, 1;
    %pushi/vec4 1, 0, 1;
    %store/vec4 v0000021ae7ab6af0_0, 0, 1;
    %pushi/vec4 6, 0, 4;
    %store/vec4 v0000021ae7b035a0_0, 0, 4;
    %jmp T_1.12;
T_1.7 ;
    %pushi/vec4 0, 0, 1;
    %store/vec4 v0000021ae7b033c0_0, 0, 1;
    %pushi/vec4 0, 1, 1;
    %store/vec4 v0000021ae7b03500_0, 0, 1;
    %pushi/vec4 0, 0, 1;
    %store/vec4 v0000021ae7b036e0_0, 0, 1;
    %pushi/vec4 0, 0, 1;
    %store/vec4 v0000021ae7ab6af0_0, 0, 1;
    %pushi/vec4 7, 0, 4;
    %store/vec4 v0000021ae7b035a0_0, 0, 4;
    %jmp T_1.12;
T_1.8 ;
    %pushi/vec4 1, 0, 1;
    %store/vec4 v0000021ae7b03960_0, 0, 1;
    %load/vec4 v0000021ae7b038c0_0;
    %flag_set/vec4 8;
    %jmp/0 T_1.15, 8;
    %pushi/vec4 9, 0, 4;
    %jmp/1 T_1.16, 8;
T_1.15 ; End of true expr.
    %pushi/vec4 8, 0, 4;
    %jmp/0 T_1.16, 8;
 ; End of false expr.
    %blend;
T_1.16;
    %store/vec4 v0000021ae7b035a0_0, 0, 4;
    %jmp T_1.12;
T_1.9 ;
    %pushi/vec4 0, 0, 1;
    %store/vec4 v0000021ae7b03960_0, 0, 1;
    %pushi/vec4 1, 0, 4;
    %store/vec4 v0000021ae7b035a0_0, 0, 4;
    %jmp T_1.12;
T_1.10 ;
    %pushi/vec4 1, 0, 1;
    %store/vec4 v0000021ae7b036e0_0, 0, 1;
    %pushi/vec4 0, 0, 4;
    %store/vec4 v0000021ae7b035a0_0, 0, 4;
    %jmp T_1.12;
T_1.12 ;
    %pop/vec4 1;
T_1.1 ;
    %jmp T_1;
    .thread T_1, $push;
# The file index is used to find the file name in the following table.
:file_names 3;
    "N/A";
    "<interactive>";
    "luhn_controller.v";
