#! /c/Source/iverilog-install/bin/vvp
:ivl_version "12.0 (devel)" "(s20150603-1539-g2693dd32b)";
:ivl_delay_selection "TYPICAL";
:vpi_time_precision - 12;
:vpi_module "C:\iverilog\lib\ivl\system.vpi";
:vpi_module "C:\iverilog\lib\ivl\vhdl_sys.vpi";
:vpi_module "C:\iverilog\lib\ivl\vhdl_textio.vpi";
:vpi_module "C:\iverilog\lib\ivl\v2005_math.vpi";
:vpi_module "C:\iverilog\lib\ivl\va_math.vpi";
S_000001ed9e334500 .scope module, "luhn_topmodule_cd" "luhn_topmodule_cd" 2 16;
 .timescale -9 -12;
    .port_info 0 /INPUT 1 "clk";
    .port_info 1 /INPUT 1 "rst";
    .port_info 2 /INPUT 4 "serial_in";
    .port_info 3 /OUTPUT 1 "validate";
o000001ed9e337f68 .functor BUFZ 1, C4<z>; HiZ drive
v000001ed9e38bd80_0 .net "clk", 0 0, o000001ed9e337f68;  0 drivers
v000001ed9e38a840_0 .net "count_enable", 0 0, v000001ed9e30b240_0;  1 drivers
v000001ed9e38ac00_0 .net "go", 0 0, v000001ed9e38a0f0_0;  1 drivers
v000001ed9e38a8e0_0 .net "load_digit", 0 0, v000001ed9e2c7070_0;  1 drivers
v000001ed9e38bba0_0 .net "load_sum", 0 0, v000001ed9e2c6bd0_0;  1 drivers
v000001ed9e38a980_0 .net "mult_sel", 0 0, v000001ed9e324130_0;  1 drivers
v000001ed9e38aa20_0 .net "odd", 0 0, v000001ed9e3896f0_0;  1 drivers
v000001ed9e38a3e0_0 .net "output_enable", 0 0, v000001ed9e389060_0;  1 drivers
o000001ed9e338148 .functor BUFZ 1, C4<z>; HiZ drive
v000001ed9e38b420_0 .net "rst", 0 0, o000001ed9e338148;  0 drivers
o000001ed9e338538 .functor BUFZ 4, C4<zzzz>; HiZ drive
v000001ed9e38b060_0 .net "serial_in", 3 0, o000001ed9e338538;  0 drivers
v000001ed9e38b100_0 .net "stop", 0 0, v000001ed9e389650_0;  1 drivers
v000001ed9e38c0a0_0 .net "sum_enable", 0 0, v000001ed9e389dd0_0;  1 drivers
v000001ed9e38aac0_0 .net "validate", 0 0, v000001ed9e389b50_0;  1 drivers
S_000001ed9e334690 .scope module, "luhn_controller_inst" "luhn_controller" 2 50, 3 12 0, S_000001ed9e334500;
 .timescale -9 -12;
    .port_info 0 /INPUT 1 "clk";
    .port_info 1 /INPUT 1 "rst";
    .port_info 2 /INPUT 1 "go";
    .port_info 3 /INPUT 1 "odd";
    .port_info 4 /INPUT 1 "stop";
    .port_info 5 /OUTPUT 1 "load_digit";
    .port_info 6 /OUTPUT 1 "mult_sel";
    .port_info 7 /OUTPUT 1 "load_sum";
    .port_info 8 /OUTPUT 1 "output_enable";
    .port_info 9 /OUTPUT 1 "count_enable";
    .port_info 10 /OUTPUT 1 "sum_enable";
P_000001ed9e323ec0 .param/l "s0" 0 3 27, C4<0000>;
P_000001ed9e323ef8 .param/l "s1" 0 3 28, C4<0001>;
P_000001ed9e323f30 .param/l "s10" 0 3 37, C4<1010>;
P_000001ed9e323f68 .param/l "s2" 0 3 29, C4<0010>;
P_000001ed9e323fa0 .param/l "s3" 0 3 30, C4<0011>;
P_000001ed9e323fd8 .param/l "s4" 0 3 31, C4<0100>;
P_000001ed9e324010 .param/l "s5" 0 3 32, C4<0101>;
P_000001ed9e324048 .param/l "s6" 0 3 33, C4<0110>;
P_000001ed9e324080 .param/l "s7" 0 3 34, C4<0111>;
P_000001ed9e3240b8 .param/l "s8" 0 3 35, C4<1000>;
P_000001ed9e3240f0 .param/l "s9" 0 3 36, C4<1001>;
v000001ed9e3348e0_0 .net "clk", 0 0, o000001ed9e337f68;  alias, 0 drivers
v000001ed9e30b240_0 .var "count_enable", 0 0;
v000001ed9e2c6e50_0 .net "go", 0 0, v000001ed9e38a0f0_0;  alias, 1 drivers
v000001ed9e2c7070_0 .var "load_digit", 0 0;
v000001ed9e2c6bd0_0 .var "load_sum", 0 0;
v000001ed9e324130_0 .var "mult_sel", 0 0;
v000001ed9e3241d0_0 .var "next_state", 3 0;
v000001ed9e324270_0 .net "odd", 0 0, v000001ed9e3896f0_0;  alias, 1 drivers
v000001ed9e389060_0 .var "output_enable", 0 0;
v000001ed9e389100_0 .var "present_state", 3 0;
v000001ed9e3891f0_0 .net "rst", 0 0, o000001ed9e338148;  alias, 0 drivers
v000001ed9e389f10_0 .net "stop", 0 0, v000001ed9e389650_0;  alias, 1 drivers
v000001ed9e389dd0_0 .var "sum_enable", 0 0;
E_000001ed9e30a090 .event anyedge, v000001ed9e389100_0;
E_000001ed9e3095d0 .event posedge, v000001ed9e3891f0_0, v000001ed9e3348e0_0;
S_000001ed9e3136a0 .scope module, "luhn_datapath_inst" "luhn_datapath" 2 34, 4 12 0, S_000001ed9e334500;
 .timescale -9 -12;
    .port_info 0 /INPUT 1 "clk";
    .port_info 1 /INPUT 1 "rst";
    .port_info 2 /INPUT 4 "serial_in";
    .port_info 3 /INPUT 1 "load_digit";
    .port_info 4 /INPUT 1 "mult_sel";
    .port_info 5 /INPUT 1 "load_sum";
    .port_info 6 /INPUT 1 "output_enable";
    .port_info 7 /INPUT 1 "count_enable";
    .port_info 8 /INPUT 1 "sum_enable";
    .port_info 9 /OUTPUT 1 "validate";
    .port_info 10 /OUTPUT 1 "odd";
    .port_info 11 /OUTPUT 1 "go";
    .port_info 12 /OUTPUT 1 "stop";
v000001ed9e389970 .array "card_number", 0 15, 3 0;
v000001ed9e389e70_0 .net "clk", 0 0, o000001ed9e337f68;  alias, 0 drivers
v000001ed9e389fb0_0 .var "comp_out", 4 0;
v000001ed9e38a050_0 .var "comp_value_one", 4 0;
v000001ed9e389bf0_0 .var "comp_value_zero", 4 0;
v000001ed9e389470_0 .var "count", 3 0;
v000001ed9e389d30_0 .net "count_enable", 0 0, v000001ed9e30b240_0;  alias, 1 drivers
v000001ed9e38a0f0_0 .var "go", 0 0;
v000001ed9e389290_0 .var/i "j", 31 0;
v000001ed9e389c90_0 .net "load_digit", 0 0, v000001ed9e2c7070_0;  alias, 1 drivers
v000001ed9e389830_0 .net "load_sum", 0 0, v000001ed9e2c6bd0_0;  alias, 1 drivers
v000001ed9e3895b0_0 .var "mult_out", 4 0;
v000001ed9e389a10_0 .net "mult_sel", 0 0, v000001ed9e324130_0;  alias, 1 drivers
v000001ed9e389ab0_0 .var "mult_value_out", 4 0;
v000001ed9e3896f0_0 .var "odd", 0 0;
v000001ed9e389790_0 .net "output_enable", 0 0, v000001ed9e389060_0;  alias, 1 drivers
v000001ed9e389510_0 .net "rst", 0 0, o000001ed9e338148;  alias, 0 drivers
v000001ed9e389330_0 .net "serial_in", 3 0, o000001ed9e338538;  alias, 0 drivers
v000001ed9e389650_0 .var "stop", 0 0;
v000001ed9e3893d0_0 .var "sum", 10 0;
v000001ed9e3898d0_0 .net "sum_enable", 0 0, v000001ed9e389dd0_0;  alias, 1 drivers
v000001ed9e389b50_0 .var "validate", 0 0;
v000001ed9e38ade0_0 .var "value_out", 3 0;
E_000001ed9e30a150 .event anyedge, v000001ed9e389470_0;
E_000001ed9e309d10 .event posedge, v000001ed9e3348e0_0;
E_000001ed9e30a110/0 .event anyedge, v000001ed9e38ade0_0, v000001ed9e3895b0_0, v000001ed9e389dd0_0, v000001ed9e3893d0_0;
E_000001ed9e30a110/1 .event anyedge, v000001ed9e389fb0_0;
E_000001ed9e30a110 .event/or E_000001ed9e30a110/0, E_000001ed9e30a110/1;
E_000001ed9e309310 .event posedge, v000001ed9e3891f0_0;
    .scope S_000001ed9e3136a0;
T_0 ;
    %wait E_000001ed9e309310;
    %pushi/vec4 0, 0, 32;
    %store/vec4 v000001ed9e389290_0, 0, 32;
T_0.0 ;
    %load/vec4 v000001ed9e389290_0;
    %cmpi/s 16, 0, 32;
    %jmp/0xz T_0.1, 5;
    %pushi/vec4 0, 0, 4;
    %ix/getv/s 4, v000001ed9e389290_0;
    %store/vec4a v000001ed9e389970, 4, 0;
    %load/vec4 v000001ed9e389290_0;
    %addi 1, 0, 32;
    %store/vec4 v000001ed9e389290_0, 0, 32;
    %jmp T_0.0;
T_0.1 ;
    %pushi/vec4 0, 0, 32;
    %store/vec4 v000001ed9e389290_0, 0, 32;
    %pushi/vec4 0, 0, 11;
    %store/vec4 v000001ed9e3893d0_0, 0, 11;
    %jmp T_0;
    .thread T_0;
    .scope S_000001ed9e3136a0;
T_1 ;
    %wait E_000001ed9e309d10;
    %load/vec4 v000001ed9e389330_0;
    %cmpi/ne 15, 15, 4;
    %flag_get/vec4 6;
    %jmp/0 T_1.3, 6;
    %load/vec4 v000001ed9e389330_0;
    %pushi/vec4 0, 15, 4;
    %cmp/ne;
    %flag_get/vec4 6;
    %and;
T_1.3;
    %flag_set/vec4 9;
    %flag_get/vec4 9;
    %jmp/0 T_1.2, 9;
    %load/vec4 v000001ed9e389290_0;
    %cmpi/s 15, 0, 32;
    %flag_get/vec4 4;
    %flag_get/vec4 5;
    %or;
    %and;
T_1.2;
    %flag_set/vec4 8;
    %jmp/0xz  T_1.0, 8;
    %load/vec4 v000001ed9e389330_0;
    %ix/getv/s 3, v000001ed9e389290_0;
    %ix/load 4, 0, 0; Constant delay
    %assign/vec4/a/d v000001ed9e389970, 0, 4;
    %load/vec4 v000001ed9e389290_0;
    %addi 1, 0, 32;
    %assign/vec4 v000001ed9e389290_0, 0;
T_1.0 ;
    %load/vec4 v000001ed9e389290_0;
    %cmpi/e 16, 0, 32;
    %jmp/0xz  T_1.4, 4;
    %pushi/vec4 1, 0, 1;
    %assign/vec4 v000001ed9e38a0f0_0, 0;
    %jmp T_1.5;
T_1.4 ;
    %pushi/vec4 0, 0, 1;
    %assign/vec4 v000001ed9e38a0f0_0, 0;
T_1.5 ;
    %jmp T_1;
    .thread T_1;
    .scope S_000001ed9e3136a0;
T_2 ;
    %wait E_000001ed9e3095d0;
    %load/vec4 v000001ed9e389510_0;
    %cmpi/e 1, 0, 1;
    %jmp/0xz  T_2.0, 4;
    %pushi/vec4 0, 0, 4;
    %assign/vec4 v000001ed9e389470_0, 0;
    %pushi/vec4 0, 0, 1;
    %assign/vec4 v000001ed9e389b50_0, 0;
    %jmp T_2.1;
T_2.0 ;
    %load/vec4 v000001ed9e389c90_0;
    %cmpi/e 1, 0, 1;
    %jmp/0xz  T_2.2, 4;
    %load/vec4 v000001ed9e389330_0;
    %assign/vec4 v000001ed9e38ade0_0, 0;
    %jmp T_2.3;
T_2.2 ;
    %load/vec4 v000001ed9e389a10_0;
    %cmpi/e 1, 0, 1;
    %jmp/0xz  T_2.4, 4;
    %load/vec4 v000001ed9e389ab0_0;
    %assign/vec4 v000001ed9e3895b0_0, 0;
    %jmp T_2.5;
T_2.4 ;
    %load/vec4 v000001ed9e389a10_0;
    %cmpi/e 0, 0, 1;
    %jmp/0xz  T_2.6, 4;
    %load/vec4 v000001ed9e38ade0_0;
    %pad/u 5;
    %assign/vec4 v000001ed9e3895b0_0, 0;
    %jmp T_2.7;
T_2.6 ;
    %load/vec4 v000001ed9e3895b0_0;
    %pad/u 32;
    %cmpi/u 9, 0, 32;
    %flag_or 5, 4; GT is !LE
    %flag_inv 5;
    %jmp/0xz  T_2.8, 5;
    %load/vec4 v000001ed9e38a050_0;
    %assign/vec4 v000001ed9e389fb0_0, 0;
    %jmp T_2.9;
T_2.8 ;
    %load/vec4 v000001ed9e389bf0_0;
    %assign/vec4 v000001ed9e389fb0_0, 0;
T_2.9 ;
T_2.7 ;
T_2.5 ;
T_2.3 ;
T_2.1 ;
    %jmp T_2;
    .thread T_2;
    .scope S_000001ed9e3136a0;
T_3 ;
    %wait E_000001ed9e30a110;
    %load/vec4 v000001ed9e38ade0_0;
    %pad/u 5;
    %muli 2, 0, 5;
    %store/vec4 v000001ed9e389ab0_0, 0, 5;
    %load/vec4 v000001ed9e3895b0_0;
    %subi 9, 0, 5;
    %store/vec4 v000001ed9e38a050_0, 0, 5;
    %load/vec4 v000001ed9e3895b0_0;
    %store/vec4 v000001ed9e389bf0_0, 0, 5;
    %load/vec4 v000001ed9e3898d0_0;
    %cmpi/e 1, 0, 1;
    %jmp/0xz  T_3.0, 4;
    %load/vec4 v000001ed9e3893d0_0;
    %load/vec4 v000001ed9e389fb0_0;
    %pad/u 11;
    %add;
    %store/vec4 v000001ed9e3893d0_0, 0, 11;
T_3.0 ;
    %jmp T_3;
    .thread T_3, $push;
    .scope S_000001ed9e3136a0;
T_4 ;
    %wait E_000001ed9e309d10;
    %load/vec4 v000001ed9e389d30_0;
    %pushi/vec4 1, 0, 1;
    %cmp/e;
    %flag_get/vec4 4;
    %load/vec4 v000001ed9e389510_0;
    %pushi/vec4 0, 0, 1;
    %cmp/e;
    %flag_get/vec4 4;
    %and;
    %flag_set/vec4 8;
    %jmp/0xz  T_4.0, 8;
    %load/vec4 v000001ed9e389470_0;
    %addi 1, 0, 4;
    %assign/vec4 v000001ed9e389470_0, 0;
T_4.0 ;
    %load/vec4 v000001ed9e389470_0;
    %parti/s 1, 0, 2;
    %cmpi/e 1, 0, 1;
    %jmp/0xz  T_4.2, 4;
    %pushi/vec4 0, 0, 1;
    %assign/vec4 v000001ed9e3896f0_0, 0;
    %jmp T_4.3;
T_4.2 ;
    %pushi/vec4 1, 0, 1;
    %assign/vec4 v000001ed9e3896f0_0, 0;
T_4.3 ;
    %jmp T_4;
    .thread T_4;
    .scope S_000001ed9e3136a0;
T_5 ;
    %wait E_000001ed9e30a150;
    %load/vec4 v000001ed9e389470_0;
    %cmpi/e 15, 0, 4;
    %jmp/0xz  T_5.0, 4;
    %pushi/vec4 1, 0, 1;
    %store/vec4 v000001ed9e389650_0, 0, 1;
    %load/vec4 v000001ed9e3893d0_0;
    %pad/u 32;
    %pushi/vec4 10, 0, 32;
    %mod;
    %cmpi/e 0, 0, 32;
    %jmp/0xz  T_5.2, 4;
    %pushi/vec4 1, 0, 1;
    %store/vec4 v000001ed9e389b50_0, 0, 1;
    %jmp T_5.3;
T_5.2 ;
    %pushi/vec4 0, 0, 1;
    %store/vec4 v000001ed9e389b50_0, 0, 1;
T_5.3 ;
    %jmp T_5.1;
T_5.0 ;
    %pushi/vec4 0, 0, 1;
    %store/vec4 v000001ed9e389b50_0, 0, 1;
    %pushi/vec4 0, 0, 1;
    %store/vec4 v000001ed9e389650_0, 0, 1;
T_5.1 ;
    %jmp T_5;
    .thread T_5, $push;
    .scope S_000001ed9e334690;
T_6 ;
    %wait E_000001ed9e3095d0;
    %load/vec4 v000001ed9e3891f0_0;
    %flag_set/vec4 8;
    %jmp/0xz  T_6.0, 8;
    %pushi/vec4 0, 0, 1;
    %assign/vec4 v000001ed9e2c7070_0, 0;
    %pushi/vec4 0, 0, 1;
    %assign/vec4 v000001ed9e324130_0, 0;
    %pushi/vec4 0, 0, 1;
    %assign/vec4 v000001ed9e2c6bd0_0, 0;
    %pushi/vec4 0, 0, 1;
    %assign/vec4 v000001ed9e389060_0, 0;
    %pushi/vec4 0, 0, 1;
    %assign/vec4 v000001ed9e30b240_0, 0;
    %pushi/vec4 0, 0, 1;
    %assign/vec4 v000001ed9e389dd0_0, 0;
    %pushi/vec4 0, 0, 4;
    %assign/vec4 v000001ed9e389100_0, 0;
    %pushi/vec4 0, 0, 4;
    %assign/vec4 v000001ed9e3241d0_0, 0;
    %jmp T_6.1;
T_6.0 ;
    %load/vec4 v000001ed9e3241d0_0;
    %assign/vec4 v000001ed9e389100_0, 0;
T_6.1 ;
    %jmp T_6;
    .thread T_6;
    .scope S_000001ed9e334690;
T_7 ;
    %wait E_000001ed9e30a090;
    %load/vec4 v000001ed9e2c6e50_0;
    %pushi/vec4 1, 0, 1;
    %cmp/e;
    %flag_get/vec4 4;
    %load/vec4 v000001ed9e389100_0;
    %pushi/vec4 0, 0, 4;
    %cmp/e;
    %flag_get/vec4 4;
    %and;
    %flag_set/vec4 8;
    %jmp/0xz  T_7.0, 8;
    %pushi/vec4 1, 0, 4;
    %store/vec4 v000001ed9e3241d0_0, 0, 4;
    %pushi/vec4 0, 0, 1;
    %store/vec4 v000001ed9e2c7070_0, 0, 1;
    %pushi/vec4 0, 0, 1;
    %store/vec4 v000001ed9e324130_0, 0, 1;
    %pushi/vec4 0, 0, 1;
    %store/vec4 v000001ed9e2c6bd0_0, 0, 1;
    %pushi/vec4 0, 0, 1;
    %store/vec4 v000001ed9e389060_0, 0, 1;
    %pushi/vec4 0, 0, 1;
    %store/vec4 v000001ed9e30b240_0, 0, 1;
    %pushi/vec4 0, 0, 1;
    %store/vec4 v000001ed9e389dd0_0, 0, 1;
    %jmp T_7.1;
T_7.0 ;
    %load/vec4 v000001ed9e389100_0;
    %dup/vec4;
    %pushi/vec4 1, 0, 4;
    %cmp/u;
    %jmp/1 T_7.2, 6;
    %dup/vec4;
    %pushi/vec4 2, 0, 4;
    %cmp/u;
    %jmp/1 T_7.3, 6;
    %dup/vec4;
    %pushi/vec4 3, 0, 4;
    %cmp/u;
    %jmp/1 T_7.4, 6;
    %dup/vec4;
    %pushi/vec4 4, 0, 4;
    %cmp/u;
    %jmp/1 T_7.5, 6;
    %dup/vec4;
    %pushi/vec4 5, 0, 4;
    %cmp/u;
    %jmp/1 T_7.6, 6;
    %dup/vec4;
    %pushi/vec4 6, 0, 4;
    %cmp/u;
    %jmp/1 T_7.7, 6;
    %dup/vec4;
    %pushi/vec4 7, 0, 4;
    %cmp/u;
    %jmp/1 T_7.8, 6;
    %dup/vec4;
    %pushi/vec4 8, 0, 4;
    %cmp/u;
    %jmp/1 T_7.9, 6;
    %dup/vec4;
    %pushi/vec4 9, 0, 4;
    %cmp/u;
    %jmp/1 T_7.10, 6;
    %pushi/vec4 0, 0, 4;
    %store/vec4 v000001ed9e3241d0_0, 0, 4;
    %jmp T_7.12;
T_7.2 ;
    %pushi/vec4 1, 0, 1;
    %store/vec4 v000001ed9e2c7070_0, 0, 1;
    %pushi/vec4 0, 0, 1;
    %store/vec4 v000001ed9e324130_0, 0, 1;
    %pushi/vec4 0, 0, 1;
    %store/vec4 v000001ed9e2c6bd0_0, 0, 1;
    %pushi/vec4 0, 0, 1;
    %store/vec4 v000001ed9e389060_0, 0, 1;
    %pushi/vec4 0, 0, 1;
    %store/vec4 v000001ed9e30b240_0, 0, 1;
    %pushi/vec4 2, 0, 4;
    %store/vec4 v000001ed9e3241d0_0, 0, 4;
    %jmp T_7.12;
T_7.3 ;
    %pushi/vec4 3, 0, 4;
    %store/vec4 v000001ed9e3241d0_0, 0, 4;
    %jmp T_7.12;
T_7.4 ;
    %load/vec4 v000001ed9e324270_0;
    %cmpi/e 0, 0, 1;
    %jmp/0xz  T_7.13, 4;
    %pushi/vec4 4, 0, 4;
    %store/vec4 v000001ed9e3241d0_0, 0, 4;
    %jmp T_7.14;
T_7.13 ;
    %pushi/vec4 5, 0, 4;
    %store/vec4 v000001ed9e3241d0_0, 0, 4;
T_7.14 ;
    %jmp T_7.12;
T_7.5 ;
    %pushi/vec4 0, 0, 1;
    %store/vec4 v000001ed9e2c7070_0, 0, 1;
    %pushi/vec4 0, 0, 1;
    %store/vec4 v000001ed9e389060_0, 0, 1;
    %pushi/vec4 1, 0, 1;
    %store/vec4 v000001ed9e324130_0, 0, 1;
    %pushi/vec4 1, 0, 1;
    %store/vec4 v000001ed9e30b240_0, 0, 1;
    %pushi/vec4 6, 0, 4;
    %store/vec4 v000001ed9e3241d0_0, 0, 4;
    %jmp T_7.12;
T_7.6 ;
    %pushi/vec4 0, 0, 1;
    %store/vec4 v000001ed9e2c7070_0, 0, 1;
    %pushi/vec4 0, 0, 1;
    %store/vec4 v000001ed9e389060_0, 0, 1;
    %pushi/vec4 0, 0, 1;
    %store/vec4 v000001ed9e324130_0, 0, 1;
    %pushi/vec4 1, 0, 1;
    %store/vec4 v000001ed9e30b240_0, 0, 1;
    %pushi/vec4 6, 0, 4;
    %store/vec4 v000001ed9e3241d0_0, 0, 4;
    %jmp T_7.12;
T_7.7 ;
    %pushi/vec4 0, 0, 1;
    %store/vec4 v000001ed9e2c7070_0, 0, 1;
    %pushi/vec4 0, 0, 1;
    %store/vec4 v000001ed9e389060_0, 0, 1;
    %pushi/vec4 0, 0, 1;
    %store/vec4 v000001ed9e30b240_0, 0, 1;
    %pushi/vec4 7, 0, 4;
    %store/vec4 v000001ed9e3241d0_0, 0, 4;
    %jmp T_7.12;
T_7.8 ;
    %pushi/vec4 1, 0, 1;
    %store/vec4 v000001ed9e389dd0_0, 0, 1;
    %load/vec4 v000001ed9e389f10_0;
    %flag_set/vec4 8;
    %jmp/0 T_7.15, 8;
    %pushi/vec4 9, 0, 4;
    %jmp/1 T_7.16, 8;
T_7.15 ; End of true expr.
    %pushi/vec4 8, 0, 4;
    %jmp/0 T_7.16, 8;
 ; End of false expr.
    %blend;
T_7.16;
    %store/vec4 v000001ed9e3241d0_0, 0, 4;
    %jmp T_7.12;
T_7.9 ;
    %pushi/vec4 0, 0, 1;
    %store/vec4 v000001ed9e389dd0_0, 0, 1;
    %pushi/vec4 1, 0, 4;
    %store/vec4 v000001ed9e3241d0_0, 0, 4;
    %jmp T_7.12;
T_7.10 ;
    %pushi/vec4 1, 0, 1;
    %store/vec4 v000001ed9e389060_0, 0, 1;
    %pushi/vec4 0, 0, 4;
    %store/vec4 v000001ed9e3241d0_0, 0, 4;
    %jmp T_7.12;
T_7.12 ;
    %pop/vec4 1;
T_7.1 ;
    %jmp T_7;
    .thread T_7, $push;
# The file index is used to find the file name in the following table.
:file_names 5;
    "N/A";
    "<interactive>";
    "luhn_topmodule_cd.v";
    "./luhn_controller.v";
    "./luhn_datapath.v";
